::1 - - [21/Oct/2022:16:24:47 +0000] "POST /upload-batch HTTP/1.1" 200 - "-" "PostmanRuntime/7.29.2"
::1 - - [21/Oct/2022:16:25:51 +0000] "GET /test HTTP/1.1" 200 - "-" "PostmanRuntime/7.29.2"
::1 - - [21/Oct/2022:16:37:52 +0000] "GET /users/25/female HTTP/1.1" 200 - "-" "PostmanRuntime/7.29.2"
::1 - - [21/Oct/2022:16:38:33 +0000] "GET /users/25/female HTTP/1.1" 500 1490 "-" "PostmanRuntime/7.29.2"
::1 - - [21/Oct/2022:16:40:09 +0000] "GET /users HTTP/1.1" 200 - "-" "PostmanRuntime/7.29.2"
::1 - - [21/Oct/2022:16:42:11 +0000] "GET /users?id=24&sex=female HTTP/1.1" 200 - "-" "PostmanRuntime/7.29.2"
::1 - - [21/Oct/2022:16:42:39 +0000] "GET /users?id=24&sex=female HTTP/1.1" 200 - "-" "PostmanRuntime/7.29.2"
::1 - - [21/Oct/2022:16:58:37 +0000] "GET /users?id=24&sex=female HTTP/1.1" 200 - "-" "PostmanRuntime/7.29.2"
::1 - - [21/Oct/2022:17:02:13 +0000] "GET /test HTTP/1.1" 200 41 "-" "PostmanRuntime/7.29.2"
::1 - - [21/Oct/2022:17:04:57 +0000] "GET /test HTTP/1.1" 201 41 "-" "PostmanRuntime/7.29.2"
::1 - - [22/Oct/2022:02:44:43 +0000] "GET / HTTP/1.1" 404 139 "-" "Mozilla/5.0 (Macintosh; Intel Mac OS X 10_15_7) AppleWebKit/537.36 (KHTML, like Gecko) Chrome/106.0.0.0 Safari/537.36"
::1 - - [22/Oct/2022:02:46:47 +0000] "GET / HTTP/1.1" 404 139 "-" "Mozilla/5.0 (iPhone; CPU iPhone OS 8_0 like Mac OS X) AppleWebKit/600.1.4 (KHTML, like Gecko) Mobile/12A365 MicroMessenger/5.4.1 NetType/WIFI ———————————————— 版权声明：本文为CSDN博主「远在远方的风比远方更远」的原创文章，遵循CC 4.0 BY-SA版权协议，转载请附上原文出处链接及本声明。 原文链接：https://blog.csdn.net/qq_22073849/article/details/78198177"
::1 - - [22/Oct/2022:02:46:49 +0000] "GET / HTTP/1.1" 404 139 "-" "Mozilla/5.0 (iPhone; CPU iPhone OS 8_0 like Mac OS X) AppleWebKit/600.1.4 (KHTML, like Gecko) Mobile/12A365 MicroMessenger/5.4.1 NetType/WIFI ———————————————— 版权声明：本文为CSDN博主「远在远方的风比远方更远」的原创文章，遵循CC 4.0 BY-SA版权协议，转载请附上原文出处链接及本声明。 原文链接：https://blog.csdn.net/qq_22073849/article/details/78198177"
::1 - - [22/Oct/2022:02:47:43 +0000] "GET / HTTP/1.1" 200 301 "-" "Mozilla/5.0 (iPhone; CPU iPhone OS 8_0 like Mac OS X) AppleWebKit/600.1.4 (KHTML, like Gecko) Mobile/12A365 MicroMessenger/5.4.1 NetType/WIFI ———————————————— 版权声明：本文为CSDN博主「远在远方的风比远方更远」的原创文章，遵循CC 4.0 BY-SA版权协议，转载请附上原文出处链接及本声明。 原文链接：https://blog.csdn.net/qq_22073849/article/details/78198177"
::1 - - [22/Oct/2022:02:47:59 +0000] "GET / HTTP/1.1" 200 307 "-" "Mozilla/5.0 (Macintosh; Intel Mac OS X 10_15_7) AppleWebKit/537.36 (KHTML, like Gecko) Chrome/106.0.0.0 Safari/537.36"
::1 - - [22/Oct/2022:03:10:09 +0000] "POST /register HTTP/1.1" 400 43 "-" "PostmanRuntime/7.29.2"
::1 - - [22/Oct/2022:03:10:25 +0000] "POST /register HTTP/1.1" 200 15 "-" "PostmanRuntime/7.29.2"
::1 - - [22/Oct/2022:03:10:34 +0000] "POST /register HTTP/1.1" 200 15 "-" "PostmanRuntime/7.29.2"
::1 - - [22/Oct/2022:03:10:50 +0000] "POST /register HTTP/1.1" 400 43 "-" "PostmanRuntime/7.29.2"
::1 - - [22/Oct/2022:03:11:00 +0000] "POST /register HTTP/1.1" 200 15 "-" "PostmanRuntime/7.29.2"
::1 - - [22/Oct/2022:03:11:04 +0000] "POST /register HTTP/1.1" 200 15 "-" "PostmanRuntime/7.29.2"
::1 - - [22/Oct/2022:03:11:13 +0000] "POST /register HTTP/1.1" 400 43 "-" "PostmanRuntime/7.29.2"
::1 - - [22/Oct/2022:03:11:16 +0000] "POST /register HTTP/1.1" 200 15 "-" "PostmanRuntime/7.29.2"
::1 - - [22/Oct/2022:03:11:18 +0000] "POST /register HTTP/1.1" 400 43 "-" "PostmanRuntime/7.29.2"
::1 - - [22/Oct/2022:14:25:44 +0000] "POST /register HTTP/1.1" 400 43 "-" "PostmanRuntime/7.29.2"
::1 - - [22/Oct/2022:14:26:57 +0000] "POST /register HTTP/1.1" 400 43 "-" "PostmanRuntime/7.29.2"
::1 - - [22/Oct/2022:14:27:03 +0000] "POST /register HTTP/1.1" 400 43 "-" "PostmanRuntime/7.29.2"
::1 - - [22/Oct/2022:14:27:14 +0000] "POST /register HTTP/1.1" 400 43 "-" "PostmanRuntime/7.29.2"
